2025-07-22 21:17:06,795 [INFO] Starting submission for: 3
2025-07-22 21:17:10,034 [INFO] patching driver executable C:\Users\amara\appdata\roaming\undetected_chromedriver\undetected_chromedriver.exe
2025-07-22 21:17:17,316 [INFO] Filled: nan
2025-07-22 21:17:17,423 [INFO] Filled: nan
2025-07-22 21:17:17,488 [INFO] Filled: 18-27
2025-07-22 21:17:17,556 [INFO] Filled: Man
2025-07-22 21:17:17,654 [INFO] Filled: Option 2
2025-07-22 21:17:17,763 [INFO] Filled: Option 3
2025-07-22 21:17:17,855 [INFO] Filled: Option 2
2025-07-22 21:17:17,906 [INFO] Filled: Disagree
2025-07-22 21:17:17,947 [INFO] Filled: Neutral
2025-07-22 21:17:18,013 [INFO] Filled: Strongly disagree
2025-07-22 21:17:18,103 [INFO] Filled: Disagree
2025-07-22 21:17:18,164 [INFO] Filled: Strongly Agree
2025-07-22 21:17:18,224 [INFO] Filled: Strongly disagree
2025-07-22 21:17:18,275 [INFO] Filled: Disagree
2025-07-22 21:17:18,316 [INFO] Filled: Neutral
2025-07-22 21:17:18,376 [INFO] Filled: Strongly Agree
2025-07-22 21:17:18,431 [INFO] Filled: Strongly Agree
2025-07-22 21:17:18,484 [INFO] Filled: Strongly Agree
2025-07-22 21:17:18,557 [INFO] Filled: Strongly Agree
2025-07-22 21:17:18,615 [INFO] Filled: Strongly Agree
2025-07-22 21:17:18,713 [INFO] Filled: Strongly Agree
2025-07-22 21:17:18,773 [INFO] Filled: Strongly Agree
2025-07-22 21:17:18,829 [INFO] Filled: Strongly Agree
2025-07-22 21:17:18,881 [INFO] Filled: Strongly Agree
2025-07-22 21:17:18,941 [INFO] Filled: Strongly Agree
2025-07-22 21:17:19,005 [INFO] Filled: Strongly Agree
2025-07-22 21:17:19,058 [INFO] Filled: Strongly Agree
2025-07-22 21:17:19,114 [INFO] Filled: Strongly Agree
2025-07-22 21:17:19,166 [INFO] Filled: Strongly Agree
2025-07-22 21:17:19,234 [INFO] Filled: Strongly Agree
2025-07-22 21:17:19,284 [INFO] Filled: Strongly Agree
2025-07-22 21:17:19,321 [INFO] Filled: Agree
2025-07-22 21:17:19,356 [INFO] Filled: Disagree
2025-07-22 21:17:19,401 [INFO] Filled: Neutral
2025-07-22 21:17:19,449 [INFO] Filled: Neutral
2025-07-22 21:17:19,486 [INFO] Filled: Disagree
2025-07-22 21:17:19,534 [INFO] Filled: Disagree
2025-07-22 21:17:21,661 [INFO] Form submitted successfully.
2025-07-22 21:17:22,011 [INFO] Logged submission for: 3
2025-07-22 21:17:22,012 [INFO] Waiting 30 seconds before next submission...
2025-07-22 21:17:52,286 [INFO] Starting submission for: 4
2025-07-22 21:17:55,672 [INFO] patching driver executable C:\Users\amara\appdata\roaming\undetected_chromedriver\undetected_chromedriver.exe
2025-07-22 21:18:04,819 [INFO] Filled: nan
2025-07-22 21:18:04,865 [INFO] Filled: nan
2025-07-22 21:18:04,911 [INFO] Filled: 18-28
2025-07-22 21:18:04,957 [INFO] Filled: Man
2025-07-22 21:18:05,015 [INFO] Filled: Option 2
2025-07-22 21:18:05,078 [INFO] Filled: Option 3
2025-07-22 21:18:05,140 [INFO] Filled: Option 2
2025-07-22 21:18:05,187 [INFO] Filled: Disagree
2025-07-22 21:18:05,235 [INFO] Filled: Neutral
2025-07-22 21:18:05,305 [INFO] Filled: Strongly disagree
2025-07-22 21:18:05,354 [INFO] Filled: Disagree
2025-07-22 21:18:05,455 [INFO] Filled: Strongly Agree
2025-07-22 21:18:05,545 [INFO] Filled: Strongly disagree
2025-07-22 21:18:05,625 [INFO] Filled: Disagree
2025-07-22 21:18:05,689 [INFO] Filled: Neutral
2025-07-22 21:18:05,775 [INFO] Filled: Strongly Agree
2025-07-22 21:18:05,867 [INFO] Filled: Strongly Agree
2025-07-22 21:18:05,957 [INFO] Filled: Strongly Agree
2025-07-22 21:18:06,050 [INFO] Filled: Strongly Agree
2025-07-22 21:18:06,142 [INFO] Filled: Strongly Agree
2025-07-22 21:18:06,251 [INFO] Filled: Strongly Agree
2025-07-22 21:18:06,348 [INFO] Filled: Strongly Agree
2025-07-22 21:18:06,426 [INFO] Filled: Strongly Agree
2025-07-22 21:18:06,501 [INFO] Filled: Strongly Agree
2025-07-22 21:18:06,575 [INFO] Filled: Strongly Agree
2025-07-22 21:18:06,656 [INFO] Filled: Strongly Agree
2025-07-22 21:18:06,727 [INFO] Filled: Strongly Agree
2025-07-22 21:18:06,801 [INFO] Filled: Strongly Agree
2025-07-22 21:18:06,872 [INFO] Filled: Strongly Agree
2025-07-22 21:18:06,942 [INFO] Filled: Strongly Agree
2025-07-22 21:18:07,020 [INFO] Filled: Strongly Agree
2025-07-22 21:18:07,071 [INFO] Filled: Agree
2025-07-22 21:18:07,125 [INFO] Filled: Disagree
2025-07-22 21:18:07,174 [INFO] Filled: Neutral
2025-07-22 21:18:07,222 [INFO] Filled: Neutral
2025-07-22 21:18:07,271 [INFO] Filled: Disagree
2025-07-22 21:18:07,324 [INFO] Filled: Disagree
2025-07-22 21:18:09,511 [INFO] Form submitted successfully.
2025-07-22 21:18:10,021 [INFO] Logged submission for: 4
2025-07-22 21:18:10,021 [INFO] Waiting 30 seconds before next submission...
2025-07-22 21:18:40,274 [INFO] Starting submission for: 5
2025-07-22 21:18:44,170 [INFO] patching driver executable C:\Users\amara\appdata\roaming\undetected_chromedriver\undetected_chromedriver.exe
2025-07-22 21:18:50,600 [INFO] Filled: nan
2025-07-22 21:18:50,651 [INFO] Filled: nan
2025-07-22 21:18:50,718 [INFO] Filled: 18-29
2025-07-22 21:18:50,758 [INFO] Filled: Man
2025-07-22 21:18:50,818 [INFO] Filled: Option 2
2025-07-22 21:18:50,879 [INFO] Filled: Option 3
2025-07-22 21:18:50,938 [INFO] Filled: Option 2
2025-07-22 21:18:50,983 [INFO] Filled: Disagree
2025-07-22 21:18:51,047 [INFO] Filled: Neutral
2025-07-22 21:18:51,125 [INFO] Filled: Strongly disagree
2025-07-22 21:18:51,168 [INFO] Filled: Disagree
2025-07-22 21:18:51,229 [INFO] Filled: Strongly Agree
2025-07-22 21:18:51,295 [INFO] Filled: Strongly disagree
2025-07-22 21:18:51,368 [INFO] Filled: Disagree
2025-07-22 21:18:51,422 [INFO] Filled: Neutral
2025-07-22 21:18:51,523 [INFO] Filled: Strongly Agree
2025-07-22 21:18:51,636 [INFO] Filled: Strongly Agree
2025-07-22 21:18:51,727 [INFO] Filled: Strongly Agree
2025-07-22 21:18:51,816 [INFO] Filled: Strongly Agree
2025-07-22 21:18:51,900 [INFO] Filled: Strongly Agree
2025-07-22 21:18:51,990 [INFO] Filled: Strongly Agree
2025-07-22 21:18:52,063 [INFO] Filled: Strongly Agree
2025-07-22 21:18:52,151 [INFO] Filled: Strongly Agree
2025-07-22 21:18:52,240 [INFO] Filled: Strongly Agree
2025-07-22 21:18:52,303 [INFO] Filled: Strongly Agree
2025-07-22 21:18:52,403 [INFO] Filled: Strongly Agree
2025-07-22 21:18:52,462 [INFO] Filled: Strongly Agree
2025-07-22 21:18:52,524 [INFO] Filled: Strongly Agree
2025-07-22 21:18:52,581 [INFO] Filled: Strongly Agree
2025-07-22 21:18:52,654 [INFO] Filled: Strongly Agree
2025-07-22 21:18:52,722 [INFO] Filled: Strongly Agree
2025-07-22 21:18:52,761 [INFO] Filled: Agree
2025-07-22 21:18:52,806 [INFO] Filled: Disagree
2025-07-22 21:18:52,851 [INFO] Filled: Neutral
2025-07-22 21:18:52,904 [INFO] Filled: Neutral
2025-07-22 21:18:52,954 [INFO] Filled: Disagree
2025-07-22 21:18:52,991 [INFO] Filled: Disagree
2025-07-22 21:18:55,128 [INFO] Form submitted successfully.
2025-07-22 21:18:55,617 [INFO] Logged submission for: 5
2025-07-22 21:18:55,618 [INFO] Waiting 30 seconds before next submission...
2025-07-22 21:19:25,860 [INFO] Starting submission for: 6
2025-07-22 21:19:29,339 [INFO] patching driver executable C:\Users\amara\appdata\roaming\undetected_chromedriver\undetected_chromedriver.exe
2025-07-22 21:19:35,792 [INFO] Filled: nan
2025-07-22 21:19:35,845 [INFO] Filled: nan
2025-07-22 21:19:35,892 [INFO] Filled: 18-30
2025-07-22 21:19:35,948 [INFO] Filled: Man
2025-07-22 21:19:36,020 [INFO] Filled: Option 2
2025-07-22 21:19:36,100 [INFO] Filled: Option 3
2025-07-22 21:19:36,157 [INFO] Filled: Option 2
2025-07-22 21:19:36,206 [INFO] Filled: Disagree
2025-07-22 21:19:36,265 [INFO] Filled: Neutral
2025-07-22 21:19:36,342 [INFO] Filled: Strongly disagree
2025-07-22 21:19:36,390 [INFO] Filled: Disagree
2025-07-22 21:19:36,454 [INFO] Filled: Strongly Agree
2025-07-22 21:19:36,519 [INFO] Filled: Strongly disagree
2025-07-22 21:19:36,577 [INFO] Filled: Disagree
2025-07-22 21:19:36,640 [INFO] Filled: Neutral
2025-07-22 21:19:36,702 [INFO] Filled: Strongly Agree
2025-07-22 21:19:36,785 [INFO] Filled: Strongly Agree
2025-07-22 21:19:36,882 [INFO] Filled: Strongly Agree
2025-07-22 21:19:36,998 [INFO] Filled: Strongly Agree
2025-07-22 21:19:37,088 [INFO] Filled: Strongly Agree
2025-07-22 21:19:37,168 [INFO] Filled: Strongly Agree
2025-07-22 21:19:37,245 [INFO] Filled: Strongly Agree
2025-07-22 21:19:37,319 [INFO] Filled: Strongly Agree
2025-07-22 21:19:37,390 [INFO] Filled: Strongly Agree
2025-07-22 21:19:37,458 [INFO] Filled: Strongly Agree
2025-07-22 21:19:37,545 [INFO] Filled: Strongly Agree
2025-07-22 21:19:37,606 [INFO] Filled: Strongly Agree
2025-07-22 21:19:37,661 [INFO] Filled: Strongly Agree
2025-07-22 21:19:37,736 [INFO] Filled: Strongly Agree
2025-07-22 21:19:37,793 [INFO] Filled: Strongly Agree
2025-07-22 21:19:37,852 [INFO] Filled: Strongly Agree
2025-07-22 21:19:37,891 [INFO] Filled: Agree
2025-07-22 21:19:37,939 [INFO] Filled: Disagree
2025-07-22 21:19:37,983 [INFO] Filled: Neutral
2025-07-22 21:19:38,026 [INFO] Filled: Neutral
2025-07-22 21:19:38,071 [INFO] Filled: Disagree
2025-07-22 21:19:38,113 [INFO] Filled: Disagree
2025-07-22 21:19:40,242 [INFO] Form submitted successfully.
2025-07-22 21:19:40,728 [INFO] Logged submission for: 6
2025-07-22 21:19:40,729 [INFO] Waiting 30 seconds before next submission...
2025-07-22 21:19:46,279 [INFO] Starting submission for: 7
2025-07-22 21:19:49,631 [INFO] patching driver executable C:\Users\amara\appdata\roaming\undetected_chromedriver\undetected_chromedriver.exe
2025-07-22 21:19:58,457 [WARNING] No question block found for index 1
2025-07-22 21:19:58,465 [WARNING] No question block found for index 2
2025-07-22 21:19:58,472 [WARNING] No question block found for index 3
2025-07-22 21:19:58,480 [WARNING] No question block found for index 4
2025-07-22 21:19:58,488 [WARNING] No question block found for index 5
2025-07-22 21:19:58,498 [WARNING] No question block found for index 6
2025-07-22 21:19:58,505 [WARNING] No question block found for index 7
2025-07-22 21:19:58,512 [WARNING] No question block found for index 8
2025-07-22 21:19:58,520 [WARNING] No question block found for index 9
2025-07-22 21:19:58,526 [WARNING] No question block found for index 10
2025-07-22 21:19:58,533 [WARNING] No question block found for index 11
2025-07-22 21:19:58,541 [WARNING] No question block found for index 12
2025-07-22 21:19:58,549 [WARNING] No question block found for index 13
2025-07-22 21:19:58,556 [WARNING] No question block found for index 14
2025-07-22 21:19:58,563 [WARNING] No question block found for index 15
2025-07-22 21:19:58,570 [WARNING] No question block found for index 16
2025-07-22 21:19:58,578 [WARNING] No question block found for index 17
2025-07-22 21:19:58,585 [WARNING] No question block found for index 18
2025-07-22 21:19:58,620 [WARNING] No question block found for index 19
2025-07-22 21:19:58,626 [WARNING] No question block found for index 20
2025-07-22 21:19:58,632 [WARNING] No question block found for index 21
2025-07-22 21:19:58,640 [WARNING] No question block found for index 22
2025-07-22 21:19:58,647 [WARNING] No question block found for index 23
2025-07-22 21:19:58,654 [WARNING] No question block found for index 24
2025-07-22 21:19:58,659 [WARNING] No question block found for index 25
2025-07-22 21:19:58,667 [WARNING] No question block found for index 26
2025-07-22 21:19:58,674 [WARNING] No question block found for index 27
2025-07-22 21:19:58,685 [WARNING] No question block found for index 28
2025-07-22 21:19:58,692 [WARNING] No question block found for index 29
2025-07-22 21:19:58,698 [WARNING] No question block found for index 30
2025-07-22 21:19:58,706 [WARNING] No question block found for index 31
2025-07-22 21:19:58,713 [WARNING] No question block found for index 32
2025-07-22 21:19:58,720 [WARNING] No question block found for index 33
2025-07-22 21:19:58,728 [WARNING] No question block found for index 34
2025-07-22 21:19:58,735 [WARNING] No question block found for index 35
2025-07-22 21:19:58,742 [WARNING] No question block found for index 36
2025-07-22 21:19:58,747 [WARNING] No question block found for index 37
2025-07-22 21:19:58,759 [ERROR] Submission failed: Message: no such element: Unable to locate element: {"method":"xpath","selector":"//button[contains(text(), "Submit")]"}
  (Session info: chrome=138.0.7204.158); For documentation on this error, please visit: https://www.selenium.dev/documentation/webdriver/troubleshooting/errors#nosuchelementexception
Stacktrace:
	GetHandleVerifier [0x0x801a33+62339]
	GetHandleVerifier [0x0x801a74+62404]
	(No symbol) [0x0x642123]
	(No symbol) [0x0x68a86e]
	(No symbol) [0x0x68ac0b]
	(No symbol) [0x0x6d2f72]
	(No symbol) [0x0x6af404]
	(No symbol) [0x0x6d07a3]
	(No symbol) [0x0x6af1b6]
	(No symbol) [0x0x67e7a2]
	(No symbol) [0x0x67f644]
	GetHandleVerifier [0x0xa765c3+2637587]
	GetHandleVerifier [0x0xa719ca+2618138]
	GetHandleVerifier [0x0x8284aa+220666]
	GetHandleVerifier [0x0x8188d8+156200]
	GetHandleVerifier [0x0x81f06d+182717]
	GetHandleVerifier [0x0x809978+94920]
	GetHandleVerifier [0x0x809b02+95314]
	GetHandleVerifier [0x0x7f4c4a+9626]
	BaseThreadInitThunk [0x0x776d5d49+25]
	RtlInitializeExceptionChain [0x0x77a0d1ab+107]
	RtlGetAppContainerNamedObjectPath [0x0x77a0d131+561]

2025-07-22 21:19:59,089 [INFO] Logged submission for: 7
2025-07-22 21:19:59,089 [INFO] Waiting 30 seconds before next submission...
2025-07-22 21:20:29,239 [INFO] Starting submission for: 8
2025-07-22 21:20:32,103 [INFO] patching driver executable C:\Users\amara\appdata\roaming\undetected_chromedriver\undetected_chromedriver.exe
2025-07-22 21:20:38,983 [WARNING] No question block found for index 1
2025-07-22 21:20:38,990 [WARNING] No question block found for index 2
2025-07-22 21:20:38,997 [WARNING] No question block found for index 3
2025-07-22 21:20:39,003 [WARNING] No question block found for index 4
2025-07-22 21:20:39,010 [WARNING] No question block found for index 5
2025-07-22 21:20:39,018 [WARNING] No question block found for index 6
2025-07-22 21:20:39,027 [WARNING] No question block found for index 7
2025-07-22 21:20:39,038 [WARNING] No question block found for index 8
2025-07-22 21:20:39,052 [WARNING] No question block found for index 9
2025-07-22 21:20:39,061 [WARNING] No question block found for index 10
2025-07-22 21:20:39,071 [WARNING] No question block found for index 11
2025-07-22 21:20:39,081 [WARNING] No question block found for index 12
2025-07-22 21:20:39,090 [WARNING] No question block found for index 13
2025-07-22 21:20:39,103 [WARNING] No question block found for index 14
2025-07-22 21:20:39,117 [WARNING] No question block found for index 15
2025-07-22 21:20:39,137 [WARNING] No question block found for index 16
2025-07-22 21:20:39,162 [WARNING] No question block found for index 17
2025-07-22 21:20:39,199 [WARNING] No question block found for index 18
2025-07-22 21:20:39,209 [WARNING] No question block found for index 19
2025-07-22 21:20:39,222 [WARNING] No question block found for index 20
2025-07-22 21:20:39,229 [WARNING] No question block found for index 21
2025-07-22 21:20:39,246 [WARNING] No question block found for index 22
2025-07-22 21:20:39,256 [WARNING] No question block found for index 23
2025-07-22 21:20:39,267 [WARNING] No question block found for index 24
2025-07-22 21:20:39,275 [WARNING] No question block found for index 25
2025-07-22 21:20:39,285 [WARNING] No question block found for index 26
2025-07-22 21:20:39,305 [WARNING] No question block found for index 27
2025-07-22 21:20:39,317 [WARNING] No question block found for index 28
2025-07-22 21:20:39,327 [WARNING] No question block found for index 29
2025-07-22 21:20:39,338 [WARNING] No question block found for index 30
2025-07-22 21:20:39,347 [WARNING] No question block found for index 31
2025-07-22 21:20:39,357 [WARNING] No question block found for index 32
2025-07-22 21:20:39,371 [WARNING] No question block found for index 33
2025-07-22 21:20:39,385 [WARNING] No question block found for index 34
2025-07-22 21:20:39,411 [WARNING] No question block found for index 35
2025-07-22 21:20:39,419 [WARNING] No question block found for index 36
2025-07-22 21:20:39,434 [WARNING] No question block found for index 37
2025-07-22 21:20:41,640 [INFO] Form submitted successfully.
2025-07-22 21:20:41,968 [INFO] Logged submission for: 8
2025-07-22 21:20:41,969 [INFO] Waiting 30 seconds before next submission...
2025-07-22 21:21:12,167 [INFO] Starting submission for: 9
2025-07-22 21:21:15,072 [INFO] patching driver executable C:\Users\amara\appdata\roaming\undetected_chromedriver\undetected_chromedriver.exe
2025-07-22 21:21:23,541 [WARNING] No question block found for index 1
2025-07-22 21:21:23,549 [WARNING] No question block found for index 2
2025-07-22 21:21:23,558 [WARNING] No question block found for index 3
2025-07-22 21:21:23,568 [WARNING] No question block found for index 4
2025-07-22 21:21:23,581 [WARNING] No question block found for index 5
2025-07-22 21:21:23,591 [WARNING] No question block found for index 6
2025-07-22 21:21:23,600 [WARNING] No question block found for index 7
2025-07-22 21:21:23,609 [WARNING] No question block found for index 8
2025-07-22 21:21:23,618 [WARNING] No question block found for index 9
2025-07-22 21:21:23,628 [WARNING] No question block found for index 10
2025-07-22 21:21:23,637 [WARNING] No question block found for index 11
2025-07-22 21:21:23,646 [WARNING] No question block found for index 12
2025-07-22 21:21:23,654 [WARNING] No question block found for index 13
2025-07-22 21:21:23,663 [WARNING] No question block found for index 14
2025-07-22 21:21:23,674 [WARNING] No question block found for index 15
2025-07-22 21:21:23,682 [WARNING] No question block found for index 16
2025-07-22 21:21:23,692 [WARNING] No question block found for index 17
2025-07-22 21:21:23,699 [WARNING] No question block found for index 18
2025-07-22 21:21:23,709 [WARNING] No question block found for index 19
2025-07-22 21:21:23,717 [WARNING] No question block found for index 20
2025-07-22 21:21:23,727 [WARNING] No question block found for index 21
2025-07-22 21:21:23,741 [WARNING] No question block found for index 22
2025-07-22 21:21:23,749 [WARNING] No question block found for index 23
2025-07-22 21:21:23,758 [WARNING] No question block found for index 24
2025-07-22 21:21:23,767 [WARNING] No question block found for index 25
2025-07-22 21:21:23,777 [WARNING] No question block found for index 26
2025-07-22 21:21:23,787 [WARNING] No question block found for index 27
2025-07-22 21:21:23,796 [WARNING] No question block found for index 28
2025-07-22 21:21:23,805 [WARNING] No question block found for index 29
2025-07-22 21:21:23,812 [WARNING] No question block found for index 30
2025-07-22 21:21:23,820 [WARNING] No question block found for index 31
2025-07-22 21:21:23,830 [WARNING] No question block found for index 32
2025-07-22 21:21:23,840 [WARNING] No question block found for index 33
2025-07-22 21:21:23,848 [WARNING] No question block found for index 34
2025-07-22 21:21:23,858 [WARNING] No question block found for index 35
2025-07-22 21:21:23,866 [WARNING] No question block found for index 36
2025-07-22 21:21:23,876 [WARNING] No question block found for index 37
2025-07-22 21:21:26,033 [INFO] Form submitted successfully.
2025-07-22 21:21:26,514 [INFO] Logged submission for: 9
2025-07-22 21:21:26,514 [INFO] Waiting 30 seconds before next submission...
2025-07-22 21:21:56,741 [INFO] Starting submission for: 10
2025-07-22 21:21:59,922 [INFO] patching driver executable C:\Users\amara\appdata\roaming\undetected_chromedriver\undetected_chromedriver.exe
2025-07-22 21:22:23,068 [INFO] Starting submission for: 10
2025-07-22 21:22:26,490 [INFO] patching driver executable C:\Users\amara\appdata\roaming\undetected_chromedriver\undetected_chromedriver.exe
2025-07-22 21:22:48,127 [INFO] Starting submission for: 1
2025-07-22 21:22:51,372 [INFO] patching driver executable C:\Users\amara\appdata\roaming\undetected_chromedriver\undetected_chromedriver.exe
2025-07-22 21:23:02,143 [WARNING] No question found for index 1
2025-07-22 21:23:02,152 [WARNING] No question found for index 2
2025-07-22 21:23:02,159 [WARNING] No question found for index 3
2025-07-22 21:23:02,167 [WARNING] No question found for index 4
2025-07-22 21:23:02,175 [WARNING] No question found for index 5
2025-07-22 21:23:02,185 [WARNING] No question found for index 6
2025-07-22 21:23:02,198 [WARNING] No question found for index 7
2025-07-22 21:23:02,206 [WARNING] No question found for index 8
2025-07-22 21:23:02,229 [WARNING] No question found for index 9
2025-07-22 21:23:02,238 [WARNING] No question found for index 10
2025-07-22 21:23:02,254 [WARNING] No question found for index 11
2025-07-22 21:23:02,263 [WARNING] No question found for index 12
2025-07-22 21:23:02,271 [WARNING] No question found for index 13
2025-07-22 21:23:02,281 [WARNING] No question found for index 14
2025-07-22 21:23:02,290 [WARNING] No question found for index 15
2025-07-22 21:23:02,299 [WARNING] No question found for index 16
2025-07-22 21:23:02,307 [WARNING] No question found for index 17
2025-07-22 21:23:02,316 [WARNING] No question found for index 18
2025-07-22 21:23:02,324 [WARNING] No question found for index 19
2025-07-22 21:23:02,335 [WARNING] No question found for index 20
2025-07-22 21:23:02,343 [WARNING] No question found for index 21
2025-07-22 21:23:02,350 [WARNING] No question found for index 22
2025-07-22 21:23:02,357 [WARNING] No question found for index 23
2025-07-22 21:23:02,364 [WARNING] No question found for index 24
2025-07-22 21:23:02,371 [WARNING] No question found for index 25
2025-07-22 21:23:02,380 [WARNING] No question found for index 26
2025-07-22 21:23:02,388 [WARNING] No question found for index 27
2025-07-22 21:23:02,396 [WARNING] No question found for index 28
2025-07-22 21:23:02,404 [WARNING] No question found for index 29
2025-07-22 21:23:02,413 [WARNING] No question found for index 30
2025-07-22 21:23:02,421 [WARNING] No question found for index 31
2025-07-22 21:23:02,431 [WARNING] No question found for index 32
2025-07-22 21:23:02,439 [WARNING] No question found for index 33
2025-07-22 21:23:02,446 [WARNING] No question found for index 34
2025-07-22 21:23:02,454 [WARNING] No question found for index 35
2025-07-22 21:23:02,462 [WARNING] No question found for index 36
2025-07-22 21:23:02,469 [WARNING] No question found for index 37
2025-07-22 21:23:05,627 [INFO] Form submitted successfully.
2025-07-22 21:23:05,979 [INFO] Logged submission for: 1
2025-07-22 21:23:05,979 [INFO] Waiting 30 seconds before next submission...
2025-07-22 21:23:36,155 [INFO] Starting submission for: 2
2025-07-22 21:23:39,300 [INFO] patching driver executable C:\Users\amara\appdata\roaming\undetected_chromedriver\undetected_chromedriver.exe
2025-07-22 21:23:51,206 [WARNING] No question found for index 1
2025-07-22 21:23:51,218 [WARNING] No question found for index 2
2025-07-22 21:23:51,232 [WARNING] No question found for index 3
2025-07-22 21:23:51,247 [WARNING] No question found for index 4
2025-07-22 21:23:51,256 [WARNING] No question found for index 5
2025-07-22 21:23:51,269 [WARNING] No question found for index 6
2025-07-22 21:23:51,281 [WARNING] No question found for index 7
2025-07-22 21:23:51,291 [WARNING] No question found for index 8
2025-07-22 21:23:51,302 [WARNING] No question found for index 9
2025-07-22 21:23:51,314 [WARNING] No question found for index 10
2025-07-22 21:23:51,325 [WARNING] No question found for index 11
2025-07-22 21:23:51,339 [WARNING] No question found for index 12
2025-07-22 21:23:51,350 [WARNING] No question found for index 13
2025-07-22 21:23:51,362 [WARNING] No question found for index 14
2025-07-22 21:23:51,379 [WARNING] No question found for index 15
2025-07-22 21:23:51,391 [WARNING] No question found for index 16
2025-07-22 21:23:51,403 [WARNING] No question found for index 17
2025-07-22 21:23:51,415 [WARNING] No question found for index 18
2025-07-22 21:23:51,425 [WARNING] No question found for index 19
2025-07-22 21:23:51,438 [WARNING] No question found for index 20
2025-07-22 21:23:51,451 [WARNING] No question found for index 21
2025-07-22 21:23:51,462 [WARNING] No question found for index 22
2025-07-22 21:23:51,477 [WARNING] No question found for index 23
2025-07-22 21:23:51,490 [WARNING] No question found for index 24
2025-07-22 21:23:51,503 [WARNING] No question found for index 25
2025-07-22 21:23:51,517 [WARNING] No question found for index 26
2025-07-22 21:23:51,529 [WARNING] No question found for index 27
2025-07-22 21:23:51,542 [WARNING] No question found for index 28
2025-07-22 21:23:51,554 [WARNING] No question found for index 29
2025-07-22 21:23:51,566 [WARNING] No question found for index 30
2025-07-22 21:23:51,580 [WARNING] No question found for index 31
2025-07-22 21:23:51,594 [WARNING] No question found for index 32
2025-07-22 21:23:51,607 [WARNING] No question found for index 33
2025-07-22 21:23:51,620 [WARNING] No question found for index 34
2025-07-22 21:23:51,632 [WARNING] No question found for index 35
2025-07-22 21:23:51,647 [WARNING] No question found for index 36
2025-07-22 21:23:51,662 [WARNING] No question found for index 37
2025-07-22 21:23:54,975 [INFO] Form submitted successfully.
2025-07-22 21:23:55,500 [INFO] Logged submission for: 2
2025-07-22 21:23:55,501 [INFO] Waiting 30 seconds before next submission...
2025-07-22 21:24:25,678 [INFO] Starting submission for: 3
2025-07-22 21:24:28,838 [INFO] patching driver executable C:\Users\amara\appdata\roaming\undetected_chromedriver\undetected_chromedriver.exe
2025-07-22 21:24:41,703 [WARNING] No question found for index 1
2025-07-22 21:24:41,713 [WARNING] No question found for index 2
2025-07-22 21:24:41,723 [WARNING] No question found for index 3
2025-07-22 21:24:41,736 [WARNING] No question found for index 4
2025-07-22 21:24:41,747 [WARNING] No question found for index 5
2025-07-22 21:24:41,758 [WARNING] No question found for index 6
2025-07-22 21:24:41,770 [WARNING] No question found for index 7
2025-07-22 21:24:41,780 [WARNING] No question found for index 8
2025-07-22 21:24:41,792 [WARNING] No question found for index 9
2025-07-22 21:24:41,802 [WARNING] No question found for index 10
2025-07-22 21:24:41,813 [WARNING] No question found for index 11
2025-07-22 21:24:41,824 [WARNING] No question found for index 12
2025-07-22 21:24:41,833 [WARNING] No question found for index 13
2025-07-22 21:24:41,844 [WARNING] No question found for index 14
2025-07-22 21:24:41,855 [WARNING] No question found for index 15
2025-07-22 21:24:41,867 [WARNING] No question found for index 16
2025-07-22 21:24:41,880 [WARNING] No question found for index 17
2025-07-22 21:24:41,888 [WARNING] No question found for index 18
2025-07-22 21:24:41,901 [WARNING] No question found for index 19
2025-07-22 21:24:41,913 [WARNING] No question found for index 20
2025-07-22 21:24:41,927 [WARNING] No question found for index 21
2025-07-22 21:24:41,946 [WARNING] No question found for index 22
2025-07-22 21:24:41,958 [WARNING] No question found for index 23
2025-07-22 21:24:41,969 [WARNING] No question found for index 24
2025-07-22 21:24:41,982 [WARNING] No question found for index 25
2025-07-22 21:24:41,993 [WARNING] No question found for index 26
2025-07-22 21:24:42,006 [WARNING] No question found for index 27
2025-07-22 21:24:42,020 [WARNING] No question found for index 28
2025-07-22 21:24:42,031 [WARNING] No question found for index 29
2025-07-22 21:24:42,041 [WARNING] No question found for index 30
2025-07-22 21:24:42,052 [WARNING] No question found for index 31
2025-07-22 21:24:42,063 [WARNING] No question found for index 32
2025-07-22 21:24:42,075 [WARNING] No question found for index 33
2025-07-22 21:24:42,087 [WARNING] No question found for index 34
2025-07-22 21:24:42,098 [WARNING] No question found for index 35
2025-07-22 21:24:42,111 [WARNING] No question found for index 36
2025-07-22 21:24:42,123 [WARNING] No question found for index 37
2025-07-22 21:24:45,403 [INFO] Form submitted successfully.
2025-07-22 21:24:45,914 [INFO] Logged submission for: 3
2025-07-22 21:24:45,914 [INFO] Waiting 30 seconds before next submission...
2025-07-22 21:25:16,159 [INFO] Starting submission for: 4
2025-07-22 21:25:23,325 [INFO] patching driver executable C:\Users\amara\appdata\roaming\undetected_chromedriver\undetected_chromedriver.exe
2025-07-22 21:25:35,133 [WARNING] No question found for index 1
2025-07-22 21:25:35,156 [WARNING] No question found for index 2
2025-07-22 21:25:35,201 [WARNING] No question found for index 3
2025-07-22 21:25:35,215 [WARNING] No question found for index 4
2025-07-22 21:25:35,227 [WARNING] No question found for index 5
2025-07-22 21:25:35,239 [WARNING] No question found for index 6
2025-07-22 21:25:35,253 [WARNING] No question found for index 7
2025-07-22 21:25:35,264 [WARNING] No question found for index 8
2025-07-22 21:25:35,276 [WARNING] No question found for index 9
2025-07-22 21:25:35,287 [WARNING] No question found for index 10
2025-07-22 21:25:35,297 [WARNING] No question found for index 11
2025-07-22 21:25:35,309 [WARNING] No question found for index 12
2025-07-22 21:25:35,323 [WARNING] No question found for index 13
2025-07-22 21:25:35,335 [WARNING] No question found for index 14
2025-07-22 21:25:35,349 [WARNING] No question found for index 15
2025-07-22 21:25:35,361 [WARNING] No question found for index 16
2025-07-22 21:25:35,373 [WARNING] No question found for index 17
2025-07-22 21:25:35,385 [WARNING] No question found for index 18
2025-07-22 21:25:35,396 [WARNING] No question found for index 19
2025-07-22 21:25:35,406 [WARNING] No question found for index 20
2025-07-22 21:25:35,420 [WARNING] No question found for index 21
2025-07-22 21:25:35,430 [WARNING] No question found for index 22
2025-07-22 21:25:35,443 [WARNING] No question found for index 23
2025-07-22 21:25:35,460 [WARNING] No question found for index 24
2025-07-22 21:25:35,473 [WARNING] No question found for index 25
2025-07-22 21:25:35,488 [WARNING] No question found for index 26
2025-07-22 21:25:35,502 [WARNING] No question found for index 27
2025-07-22 21:25:35,522 [WARNING] No question found for index 28
2025-07-22 21:25:35,536 [WARNING] No question found for index 29
2025-07-22 21:25:35,549 [WARNING] No question found for index 30
2025-07-22 21:25:35,564 [WARNING] No question found for index 31
2025-07-22 21:25:35,577 [WARNING] No question found for index 32
2025-07-22 21:25:35,591 [WARNING] No question found for index 33
2025-07-22 21:25:35,604 [WARNING] No question found for index 34
2025-07-22 21:25:35,615 [WARNING] No question found for index 35
2025-07-22 21:25:35,631 [WARNING] No question found for index 36
2025-07-22 21:25:35,645 [WARNING] No question found for index 37
2025-07-22 21:25:38,892 [INFO] Form submitted successfully.
2025-07-22 21:25:39,393 [INFO] Logged submission for: 4
2025-07-22 21:25:39,393 [INFO] Waiting 30 seconds before next submission...
2025-07-22 21:26:09,608 [INFO] Starting submission for: 5
2025-07-22 21:26:13,064 [INFO] patching driver executable C:\Users\amara\appdata\roaming\undetected_chromedriver\undetected_chromedriver.exe
2025-07-22 21:26:21,736 [WARNING] No question found for index 1
2025-07-22 21:26:21,744 [WARNING] No question found for index 2
2025-07-22 21:26:21,751 [WARNING] No question found for index 3
2025-07-22 21:26:21,760 [WARNING] No question found for index 4
2025-07-22 21:26:21,768 [WARNING] No question found for index 5
2025-07-22 21:26:21,777 [WARNING] No question found for index 6
2025-07-22 21:26:21,785 [WARNING] No question found for index 7
2025-07-22 21:26:21,793 [WARNING] No question found for index 8
2025-07-22 21:26:21,805 [WARNING] No question found for index 9
2025-07-22 21:26:21,813 [WARNING] No question found for index 10
2025-07-22 21:26:21,823 [WARNING] No question found for index 11
2025-07-22 21:26:21,832 [WARNING] No question found for index 12
2025-07-22 21:26:21,842 [WARNING] No question found for index 13
2025-07-22 21:26:21,850 [WARNING] No question found for index 14
2025-07-22 21:26:21,859 [WARNING] No question found for index 15
2025-07-22 21:26:21,867 [WARNING] No question found for index 16
2025-07-22 21:26:21,877 [WARNING] No question found for index 17
2025-07-22 21:26:21,885 [WARNING] No question found for index 18
2025-07-22 21:26:21,894 [WARNING] No question found for index 19
2025-07-22 21:26:21,905 [WARNING] No question found for index 20
2025-07-22 21:26:21,913 [WARNING] No question found for index 21
2025-07-22 21:26:21,922 [WARNING] No question found for index 22
2025-07-22 21:26:21,931 [WARNING] No question found for index 23
2025-07-22 21:26:21,941 [WARNING] No question found for index 24
2025-07-22 21:26:21,949 [WARNING] No question found for index 25
2025-07-22 21:26:21,959 [WARNING] No question found for index 26
2025-07-22 21:26:21,969 [WARNING] No question found for index 27
2025-07-22 21:26:21,977 [WARNING] No question found for index 28
2025-07-22 21:26:21,985 [WARNING] No question found for index 29
2025-07-22 21:26:21,995 [WARNING] No question found for index 30
2025-07-22 21:26:22,005 [WARNING] No question found for index 31
2025-07-22 21:26:22,015 [WARNING] No question found for index 32
2025-07-22 21:26:22,023 [WARNING] No question found for index 33
2025-07-22 21:26:22,033 [WARNING] No question found for index 34
2025-07-22 21:26:22,042 [WARNING] No question found for index 35
2025-07-22 21:26:22,052 [WARNING] No question found for index 36
2025-07-22 21:26:22,060 [WARNING] No question found for index 37
2025-07-22 21:26:25,223 [INFO] Form submitted successfully.
2025-07-22 21:26:25,702 [INFO] Logged submission for: 5
2025-07-22 21:26:25,703 [INFO] Waiting 30 seconds before next submission...
2025-07-22 21:26:55,934 [INFO] Starting submission for: 6
2025-07-22 21:26:59,166 [INFO] patching driver executable C:\Users\amara\appdata\roaming\undetected_chromedriver\undetected_chromedriver.exe
2025-07-22 21:27:08,019 [WARNING] No question found for index 1
2025-07-22 21:27:08,028 [WARNING] No question found for index 2
2025-07-22 21:27:08,037 [WARNING] No question found for index 3
2025-07-22 21:27:08,047 [WARNING] No question found for index 4
2025-07-22 21:27:08,057 [WARNING] No question found for index 5
2025-07-22 21:27:08,067 [WARNING] No question found for index 6
2025-07-22 21:27:08,074 [WARNING] No question found for index 7
2025-07-22 21:27:08,084 [WARNING] No question found for index 8
2025-07-22 21:27:08,095 [WARNING] No question found for index 9
2025-07-22 21:27:08,103 [WARNING] No question found for index 10
2025-07-22 21:27:08,112 [WARNING] No question found for index 11
2025-07-22 21:27:08,122 [WARNING] No question found for index 12
2025-07-22 21:27:08,130 [WARNING] No question found for index 13
2025-07-22 21:27:08,139 [WARNING] No question found for index 14
2025-07-22 21:27:08,148 [WARNING] No question found for index 15
2025-07-22 21:27:08,158 [WARNING] No question found for index 16
2025-07-22 21:27:08,167 [WARNING] No question found for index 17
2025-07-22 21:27:08,176 [WARNING] No question found for index 18
2025-07-22 21:27:08,186 [WARNING] No question found for index 19
2025-07-22 21:27:08,195 [WARNING] No question found for index 20
2025-07-22 21:27:08,202 [WARNING] No question found for index 21
2025-07-22 21:27:08,211 [WARNING] No question found for index 22
2025-07-22 21:27:08,221 [WARNING] No question found for index 23
2025-07-22 21:27:08,229 [WARNING] No question found for index 24
2025-07-22 21:27:08,237 [WARNING] No question found for index 25
2025-07-22 21:27:08,246 [WARNING] No question found for index 26
2025-07-22 21:27:08,256 [WARNING] No question found for index 27
2025-07-22 21:27:08,264 [WARNING] No question found for index 28
2025-07-22 21:27:08,273 [WARNING] No question found for index 29
2025-07-22 21:27:08,281 [WARNING] No question found for index 30
2025-07-22 21:27:08,292 [WARNING] No question found for index 31
2025-07-22 21:27:08,300 [WARNING] No question found for index 32
2025-07-22 21:27:08,308 [WARNING] No question found for index 33
2025-07-22 21:27:08,316 [WARNING] No question found for index 34
2025-07-22 21:27:08,325 [WARNING] No question found for index 35
2025-07-22 21:27:08,334 [WARNING] No question found for index 36
2025-07-22 21:27:08,342 [WARNING] No question found for index 37
2025-07-22 21:27:11,508 [INFO] Form submitted successfully.
2025-07-22 21:27:12,055 [INFO] Logged submission for: 6
2025-07-22 21:27:12,055 [INFO] Waiting 30 seconds before next submission...
2025-07-22 21:27:42,292 [INFO] Starting submission for: 7
2025-07-22 21:27:45,581 [INFO] patching driver executable C:\Users\amara\appdata\roaming\undetected_chromedriver\undetected_chromedriver.exe
